<?xml version="1.0" encoding="UTF-8"?>
<testng-results ignored="0" total="1" passed="1" failed="0" skipped="0">
  <reporter-output>
    <line>
      <![CDATA[bye]]>
    </line>
  </reporter-output>
  <suite started-at="2022-06-04T20:15:21 IST" name="Default suite" finished-at="2022-06-04T20:15:21 IST" duration-ms="72">
    <groups>
    </groups>
    <test started-at="2022-06-04T20:15:21 IST" name="Default test" finished-at="2022-06-04T20:15:21 IST" duration-ms="72">
      <class name="com.actitime.testscript.Demo">
        <test-method signature="CreateCustomer()[pri:0, instance:com.actitime.testscript.Demo@6b26e945]" started-at="2022-06-04T20:15:21 IST" name="CreateCustomer" finished-at="2022-06-04T20:15:21 IST" duration-ms="13" status="PASS">
          <reporter-output>
            <line>
              <![CDATA[bye]]>
            </line>
          </reporter-output>
        </test-method> <!-- CreateCustomer -->
      </class> <!-- com.actitime.testscript.Demo -->
    </test> <!-- Default test -->
  </suite> <!-- Default suite -->
</testng-results>
